<?xml version="1.0" encoding="UTF-8"?>
<coverage generated="1674551483059" clover="3.2.0">
  <project timestamp="1674551483059" name="All files">
    <metrics statements="93" coveredstatements="79" conditionals="66" coveredconditionals="54" methods="26" coveredmethods="18" elements="185" coveredelements="151" complexity="0" loc="93" ncloc="93" packages="1" files="7" classes="7"/>
    <file name="N1E1-sumar-restar-mult-div.js" path="C:\Users\formacio\Desktop\ALEX\node_sprint1\s1-ent1.6-test-jest\app\N1E1-sumar-restar-mult-div.js">
      <metrics statements="18" coveredstatements="18" conditionals="38" coveredconditionals="34" methods="4" coveredmethods="4"/>
      <line num="1" count="1" type="stmt"/>
      <line num="2" count="3" type="cond" truecount="4" falsecount="0"/>
      <line num="3" count="2" type="cond" truecount="3" falsecount="1"/>
      <line num="4" count="1" type="stmt"/>
      <line num="7" count="1" type="stmt"/>
      <line num="8" count="3" type="cond" truecount="4" falsecount="0"/>
      <line num="9" count="2" type="cond" truecount="3" falsecount="1"/>
      <line num="10" count="1" type="stmt"/>
      <line num="13" count="1" type="stmt"/>
      <line num="14" count="3" type="cond" truecount="4" falsecount="0"/>
      <line num="15" count="2" type="cond" truecount="3" falsecount="1"/>
      <line num="16" count="1" type="stmt"/>
      <line num="19" count="1" type="stmt"/>
      <line num="20" count="5" type="cond" truecount="4" falsecount="0"/>
      <line num="21" count="4" type="cond" truecount="2" falsecount="0"/>
      <line num="22" count="3" type="cond" truecount="4" falsecount="0"/>
      <line num="23" count="2" type="cond" truecount="3" falsecount="1"/>
      <line num="24" count="1" type="stmt"/>
    </file>
    <file name="N1E2-1.3promis-cb-N1E2.js" path="C:\Users\formacio\Desktop\ALEX\node_sprint1\s1-ent1.6-test-jest\app\N1E2-1.3promis-cb-N1E2.js">
      <metrics statements="12" coveredstatements="11" conditionals="10" coveredconditionals="7" methods="2" coveredmethods="2"/>
      <line num="5" count="1" type="stmt"/>
      <line num="6" count="4" type="cond" truecount="1" falsecount="1"/>
      <line num="7" count="4" type="cond" truecount="3" falsecount="1"/>
      <line num="8" count="0" type="stmt"/>
      <line num="9" count="4" type="cond" truecount="2" falsecount="0"/>
      <line num="10" count="3" type="stmt"/>
      <line num="12" count="1" type="stmt"/>
      <line num="17" count="4" type="cond" truecount="1" falsecount="1"/>
      <line num="18" count="4" type="stmt"/>
      <line num="19" count="4" type="stmt"/>
      <line num="22" count="1" type="stmt"/>
      <line num="24" count="1" type="stmt"/>
    </file>
    <file name="N1E3-1.3promises-cb-N2E1E2.js" path="C:\Users\formacio\Desktop\ALEX\node_sprint1\s1-ent1.6-test-jest\app\N1E3-1.3promises-cb-N2E1E2.js">
      <metrics statements="25" coveredstatements="23" conditionals="8" coveredconditionals="6" methods="8" coveredmethods="6"/>
      <line num="1" count="1" type="stmt"/>
      <line num="7" count="1" type="stmt"/>
      <line num="13" count="1" type="stmt"/>
      <line num="14" count="3" type="cond" truecount="1" falsecount="1"/>
      <line num="15" count="3" type="stmt"/>
      <line num="16" count="3" type="stmt"/>
      <line num="17" count="9" type="cond" truecount="2" falsecount="0"/>
      <line num="18" count="2" type="stmt"/>
      <line num="21" count="3" type="stmt"/>
      <line num="23" count="3" type="stmt"/>
      <line num="26" count="1" type="stmt"/>
      <line num="27" count="1" type="stmt"/>
      <line num="28" count="0" type="stmt"/>
      <line num="30" count="1" type="stmt"/>
      <line num="31" count="3" type="cond" truecount="1" falsecount="1"/>
      <line num="33" count="3" type="stmt"/>
      <line num="34" count="3" type="stmt"/>
      <line num="35" count="9" type="cond" truecount="2" falsecount="0"/>
      <line num="36" count="2" type="stmt"/>
      <line num="42" count="3" type="stmt"/>
      <line num="44" count="3" type="stmt"/>
      <line num="47" count="1" type="stmt"/>
      <line num="48" count="1" type="stmt"/>
      <line num="49" count="0" type="stmt"/>
      <line num="51" count="1" type="stmt"/>
    </file>
    <file name="N1E4-1.4async-await-N1E2.js" path="C:\Users\formacio\Desktop\ALEX\node_sprint1\s1-ent1.6-test-jest\app\N1E4-1.4async-await-N1E2.js">
      <metrics statements="11" coveredstatements="9" conditionals="0" coveredconditionals="0" methods="4" coveredmethods="3"/>
      <line num="5" count="1" type="stmt"/>
      <line num="6" count="2" type="stmt"/>
      <line num="7" count="2" type="stmt"/>
      <line num="8" count="2" type="stmt"/>
      <line num="9" count="2" type="stmt"/>
      <line num="10" count="0" type="stmt"/>
      <line num="13" count="2" type="stmt"/>
      <line num="16" count="1" type="stmt"/>
      <line num="17" count="2" type="stmt"/>
      <line num="18" count="0" type="stmt"/>
      <line num="21" count="1" type="stmt"/>
    </file>
    <file name="N2E1-1.4async-await-N2E1.js" path="C:\Users\formacio\Desktop\ALEX\node_sprint1\s1-ent1.6-test-jest\app\N2E1-1.4async-await-N2E1.js">
      <metrics statements="10" coveredstatements="8" conditionals="4" coveredconditionals="4" methods="3" coveredmethods="2"/>
      <line num="4" count="1" type="stmt"/>
      <line num="5" count="4" type="stmt"/>
      <line num="6" count="4" type="cond" truecount="4" falsecount="0"/>
      <line num="7" count="2" type="stmt"/>
      <line num="8" count="2" type="stmt"/>
      <line num="10" count="2" type="stmt"/>
      <line num="11" count="0" type="stmt"/>
      <line num="12" count="0" type="stmt"/>
      <line num="15" count="4" type="stmt"/>
      <line num="18" count="1" type="stmt"/>
    </file>
    <file name="N2E2-1.2classes-arrowf-N2E2.js" path="C:\Users\formacio\Desktop\ALEX\node_sprint1\s1-ent1.6-test-jest\app\N2E2-1.2classes-arrowf-N2E2.js">
      <metrics statements="3" coveredstatements="1" conditionals="0" coveredconditionals="0" methods="2" coveredmethods="0"/>
      <line num="3" count="0" type="stmt"/>
      <line num="7" count="0" type="stmt"/>
      <line num="16" count="1" type="stmt"/>
    </file>
    <file name="N2E3-1.2classes.-arrowf-N3E1.js" path="C:\Users\formacio\Desktop\ALEX\node_sprint1\s1-ent1.6-test-jest\app\N2E3-1.2classes.-arrowf-N3E1.js">
      <metrics statements="14" coveredstatements="9" conditionals="6" coveredconditionals="3" methods="3" coveredmethods="1"/>
      <line num="8" count="0" type="cond" truecount="0" falsecount="2"/>
      <line num="9" count="0" type="stmt"/>
      <line num="10" count="0" type="stmt"/>
      <line num="13" count="0" type="stmt"/>
      <line num="18" count="1" type="stmt"/>
      <line num="20" count="2" type="cond" truecount="3" falsecount="1"/>
      <line num="21" count="0" type="stmt"/>
      <line num="23" count="2" type="stmt"/>
      <line num="26" count="2" type="stmt"/>
      <line num="29" count="2" type="stmt"/>
      <line num="32" count="2" type="stmt"/>
      <line num="33" count="2" type="stmt"/>
      <line num="37" count="1" type="stmt"/>
      <line num="44" count="1" type="stmt"/>
    </file>
  </project>
</coverage>
