<?xml version="1.0" encoding="UTF-8"?>
<coverage generated="1674295321732" clover="3.2.0">
  <project timestamp="1674295321732" name="All files">
    <metrics statements="28" coveredstatements="10" conditionals="48" coveredconditionals="5" methods="6" coveredmethods="1" elements="82" coveredelements="16" complexity="0" loc="28" ncloc="28" packages="1" files="2" classes="2"/>
    <file name="1 sumar-restar-mult-div.js" path="C:\Users\orpia\Documents\Alex-dev-prog\BAMediaTIC\node_sprint1\s1-ent1.6-test-jest\app\1 sumar-restar-mult-div.js">
      <metrics statements="18" coveredstatements="4" conditionals="38" coveredconditionals="0" methods="4" coveredmethods="0"/>
      <line num="1" count="1" type="stmt"/>
      <line num="2" count="0" type="cond" truecount="0" falsecount="4"/>
      <line num="3" count="0" type="cond" truecount="0" falsecount="4"/>
      <line num="4" count="0" type="stmt"/>
      <line num="7" count="1" type="stmt"/>
      <line num="8" count="0" type="cond" truecount="0" falsecount="4"/>
      <line num="9" count="0" type="cond" truecount="0" falsecount="4"/>
      <line num="10" count="0" type="stmt"/>
      <line num="13" count="1" type="stmt"/>
      <line num="14" count="0" type="cond" truecount="0" falsecount="4"/>
      <line num="15" count="0" type="cond" truecount="0" falsecount="4"/>
      <line num="16" count="0" type="stmt"/>
      <line num="19" count="1" type="stmt"/>
      <line num="20" count="0" type="cond" truecount="0" falsecount="4"/>
      <line num="21" count="0" type="cond" truecount="0" falsecount="2"/>
      <line num="22" count="0" type="cond" truecount="0" falsecount="4"/>
      <line num="23" count="0" type="cond" truecount="0" falsecount="4"/>
      <line num="24" count="0" type="stmt"/>
    </file>
    <file name="2 1.3promis-cb-N1E2.js" path="C:\Users\orpia\Documents\Alex-dev-prog\BAMediaTIC\node_sprint1\s1-ent1.6-test-jest\app\2 1.3promis-cb-N1E2.js">
      <metrics statements="10" coveredstatements="6" conditionals="10" coveredconditionals="5" methods="2" coveredmethods="1"/>
      <line num="5" count="1" type="stmt"/>
      <line num="6" count="1" type="cond" truecount="1" falsecount="1"/>
      <line num="7" count="1" type="cond" truecount="3" falsecount="1"/>
      <line num="8" count="0" type="stmt"/>
      <line num="9" count="1" type="cond" truecount="1" falsecount="1"/>
      <line num="10" count="1" type="stmt"/>
      <line num="12" count="0" type="stmt"/>
      <line num="16" count="0" type="cond" truecount="0" falsecount="2"/>
      <line num="17" count="0" type="stmt"/>
      <line num="20" count="1" type="stmt"/>
    </file>
  </project>
</coverage>
