{"C:\\Users\\formacio\\Desktop\\ALEX\\node_sprint1\\s1-ent1.6-test-jest\\app\\N1E1-sumar-restar-mult-div.js": {"path":"C:\\Users\\formacio\\Desktop\\ALEX\\node_sprint1\\s1-ent1.6-test-jest\\app\\N1E1-sumar-restar-mult-div.js","statementMap":{"0":{"start":{"line":1,"column":0},"end":{"line":5,"column":1}},"1":{"start":{"line":2,"column":2},"end":{"line":2,"column":66}},"2":{"start":{"line":2,"column":16},"end":{"line":2,"column":66}},"3":{"start":{"line":3,"column":2},"end":{"line":3,"column":59}},"4":{"start":{"line":3,"column":21},"end":{"line":3,"column":59}},"5":{"start":{"line":4,"column":2},"end":{"line":4,"column":15}},"6":{"start":{"line":7,"column":0},"end":{"line":11,"column":1}},"7":{"start":{"line":8,"column":2},"end":{"line":8,"column":66}},"8":{"start":{"line":8,"column":16},"end":{"line":8,"column":66}},"9":{"start":{"line":9,"column":2},"end":{"line":9,"column":59}},"10":{"start":{"line":9,"column":21},"end":{"line":9,"column":59}},"11":{"start":{"line":10,"column":2},"end":{"line":10,"column":15}},"12":{"start":{"line":13,"column":0},"end":{"line":17,"column":1}},"13":{"start":{"line":14,"column":2},"end":{"line":14,"column":66}},"14":{"start":{"line":14,"column":16},"end":{"line":14,"column":66}},"15":{"start":{"line":15,"column":2},"end":{"line":15,"column":59}},"16":{"start":{"line":15,"column":21},"end":{"line":15,"column":59}},"17":{"start":{"line":16,"column":2},"end":{"line":16,"column":15}},"18":{"start":{"line":19,"column":0},"end":{"line":25,"column":1}},"19":{"start":{"line":20,"column":2},"end":{"line":20,"column":68}},"20":{"start":{"line":20,"column":26},"end":{"line":20,"column":68}},"21":{"start":{"line":21,"column":2},"end":{"line":21,"column":77}},"22":{"start":{"line":21,"column":15},"end":{"line":21,"column":77}},"23":{"start":{"line":22,"column":2},"end":{"line":22,"column":66}},"24":{"start":{"line":22,"column":16},"end":{"line":22,"column":66}},"25":{"start":{"line":23,"column":2},"end":{"line":23,"column":59}},"26":{"start":{"line":23,"column":21},"end":{"line":23,"column":59}},"27":{"start":{"line":24,"column":2},"end":{"line":24,"column":15}}},"fnMap":{"0":{"name":"sumar","decl":{"start":{"line":1,"column":25},"end":{"line":1,"column":30}},"loc":{"start":{"line":1,"column":37},"end":{"line":5,"column":1}},"line":1},"1":{"name":"restar","decl":{"start":{"line":7,"column":26},"end":{"line":7,"column":32}},"loc":{"start":{"line":7,"column":39},"end":{"line":11,"column":1}},"line":7},"2":{"name":"multiplicar","decl":{"start":{"line":13,"column":31},"end":{"line":13,"column":42}},"loc":{"start":{"line":13,"column":49},"end":{"line":17,"column":1}},"line":13},"3":{"name":"dividir","decl":{"start":{"line":19,"column":27},"end":{"line":19,"column":34}},"loc":{"start":{"line":19,"column":41},"end":{"line":25,"column":1}},"line":19}},"branchMap":{"0":{"loc":{"start":{"line":2,"column":2},"end":{"line":2,"column":66}},"type":"if","locations":[{"start":{"line":2,"column":2},"end":{"line":2,"column":66}},{"start":{},"end":{}}],"line":2},"1":{"loc":{"start":{"line":2,"column":6},"end":{"line":2,"column":14}},"type":"binary-expr","locations":[{"start":{"line":2,"column":6},"end":{"line":2,"column":8}},{"start":{"line":2,"column":12},"end":{"line":2,"column":14}}],"line":2},"2":{"loc":{"start":{"line":3,"column":2},"end":{"line":3,"column":59}},"type":"if","locations":[{"start":{"line":3,"column":2},"end":{"line":3,"column":59}},{"start":{},"end":{}}],"line":3},"3":{"loc":{"start":{"line":3,"column":12},"end":{"line":3,"column":18}},"type":"binary-expr","locations":[{"start":{"line":3,"column":12},"end":{"line":3,"column":13}},{"start":{"line":3,"column":17},"end":{"line":3,"column":18}}],"line":3},"4":{"loc":{"start":{"line":8,"column":2},"end":{"line":8,"column":66}},"type":"if","locations":[{"start":{"line":8,"column":2},"end":{"line":8,"column":66}},{"start":{},"end":{}}],"line":8},"5":{"loc":{"start":{"line":8,"column":6},"end":{"line":8,"column":14}},"type":"binary-expr","locations":[{"start":{"line":8,"column":6},"end":{"line":8,"column":8}},{"start":{"line":8,"column":12},"end":{"line":8,"column":14}}],"line":8},"6":{"loc":{"start":{"line":9,"column":2},"end":{"line":9,"column":59}},"type":"if","locations":[{"start":{"line":9,"column":2},"end":{"line":9,"column":59}},{"start":{},"end":{}}],"line":9},"7":{"loc":{"start":{"line":9,"column":12},"end":{"line":9,"column":18}},"type":"binary-expr","locations":[{"start":{"line":9,"column":12},"end":{"line":9,"column":13}},{"start":{"line":9,"column":17},"end":{"line":9,"column":18}}],"line":9},"8":{"loc":{"start":{"line":14,"column":2},"end":{"line":14,"column":66}},"type":"if","locations":[{"start":{"line":14,"column":2},"end":{"line":14,"column":66}},{"start":{},"end":{}}],"line":14},"9":{"loc":{"start":{"line":14,"column":6},"end":{"line":14,"column":14}},"type":"binary-expr","locations":[{"start":{"line":14,"column":6},"end":{"line":14,"column":8}},{"start":{"line":14,"column":12},"end":{"line":14,"column":14}}],"line":14},"10":{"loc":{"start":{"line":15,"column":2},"end":{"line":15,"column":59}},"type":"if","locations":[{"start":{"line":15,"column":2},"end":{"line":15,"column":59}},{"start":{},"end":{}}],"line":15},"11":{"loc":{"start":{"line":15,"column":12},"end":{"line":15,"column":18}},"type":"binary-expr","locations":[{"start":{"line":15,"column":12},"end":{"line":15,"column":13}},{"start":{"line":15,"column":17},"end":{"line":15,"column":18}}],"line":15},"12":{"loc":{"start":{"line":20,"column":2},"end":{"line":20,"column":68}},"type":"if","locations":[{"start":{"line":20,"column":2},"end":{"line":20,"column":68}},{"start":{},"end":{}}],"line":20},"13":{"loc":{"start":{"line":20,"column":6},"end":{"line":20,"column":24}},"type":"binary-expr","locations":[{"start":{"line":20,"column":6},"end":{"line":20,"column":13}},{"start":{"line":20,"column":17},"end":{"line":20,"column":24}}],"line":20},"14":{"loc":{"start":{"line":21,"column":2},"end":{"line":21,"column":77}},"type":"if","locations":[{"start":{"line":21,"column":2},"end":{"line":21,"column":77}},{"start":{},"end":{}}],"line":21},"15":{"loc":{"start":{"line":22,"column":2},"end":{"line":22,"column":66}},"type":"if","locations":[{"start":{"line":22,"column":2},"end":{"line":22,"column":66}},{"start":{},"end":{}}],"line":22},"16":{"loc":{"start":{"line":22,"column":6},"end":{"line":22,"column":14}},"type":"binary-expr","locations":[{"start":{"line":22,"column":6},"end":{"line":22,"column":8}},{"start":{"line":22,"column":12},"end":{"line":22,"column":14}}],"line":22},"17":{"loc":{"start":{"line":23,"column":2},"end":{"line":23,"column":59}},"type":"if","locations":[{"start":{"line":23,"column":2},"end":{"line":23,"column":59}},{"start":{},"end":{}}],"line":23},"18":{"loc":{"start":{"line":23,"column":12},"end":{"line":23,"column":18}},"type":"binary-expr","locations":[{"start":{"line":23,"column":12},"end":{"line":23,"column":13}},{"start":{"line":23,"column":17},"end":{"line":23,"column":18}}],"line":23}},"s":{"0":1,"1":3,"2":1,"3":2,"4":1,"5":1,"6":1,"7":3,"8":1,"9":2,"10":1,"11":1,"12":1,"13":3,"14":1,"15":2,"16":1,"17":1,"18":1,"19":5,"20":1,"21":4,"22":1,"23":3,"24":1,"25":2,"26":1,"27":1},"f":{"0":3,"1":3,"2":3,"3":5},"b":{"0":[1,2],"1":[3,3],"2":[1,1],"3":[2,0],"4":[1,2],"5":[3,3],"6":[1,1],"7":[2,0],"8":[1,2],"9":[3,3],"10":[1,1],"11":[2,0],"12":[1,4],"13":[5,1],"14":[1,3],"15":[1,2],"16":[3,3],"17":[1,1],"18":[2,0]},"_coverageSchema":"1a1c01bbd47fc00a2c39e90264f33305004495a9","hash":"1d03929b3bd5cb58b2564d99d08f01688901559f"}
,"C:\\Users\\formacio\\Desktop\\ALEX\\node_sprint1\\s1-ent1.6-test-jest\\app\\N1E2-1.3promis-cb-N1E2.js": {"path":"C:\\Users\\formacio\\Desktop\\ALEX\\node_sprint1\\s1-ent1.6-test-jest\\app\\N1E2-1.3promis-cb-N1E2.js","statementMap":{"0":{"start":{"line":5,"column":22},"end":{"line":14,"column":1}},"1":{"start":{"line":6,"column":2},"end":{"line":6,"column":81}},"2":{"start":{"line":6,"column":34},"end":{"line":6,"column":81}},"3":{"start":{"line":7,"column":2},"end":{"line":8,"column":61}},"4":{"start":{"line":8,"column":4},"end":{"line":8,"column":61}},"5":{"start":{"line":9,"column":2},"end":{"line":13,"column":3}},"6":{"start":{"line":10,"column":4},"end":{"line":10,"column":31}},"7":{"start":{"line":12,"column":4},"end":{"line":12,"column":35}},"8":{"start":{"line":17,"column":2},"end":{"line":17,"column":82}},"9":{"start":{"line":17,"column":29},"end":{"line":17,"column":82}},"10":{"start":{"line":18,"column":2},"end":{"line":18,"column":17}},"11":{"start":{"line":19,"column":2},"end":{"line":19,"column":11}},"12":{"start":{"line":22,"column":0},"end":{"line":22,"column":24}},"13":{"start":{"line":24,"column":0},"end":{"line":24,"column":39}}},"fnMap":{"0":{"name":"(anonymous_0)","decl":{"start":{"line":5,"column":22},"end":{"line":5,"column":23}},"loc":{"start":{"line":5,"column":37},"end":{"line":14,"column":1}},"line":5},"1":{"name":"cb","decl":{"start":{"line":16,"column":9},"end":{"line":16,"column":11}},"loc":{"start":{"line":16,"column":15},"end":{"line":20,"column":1}},"line":16}},"branchMap":{"0":{"loc":{"start":{"line":6,"column":2},"end":{"line":6,"column":81}},"type":"if","locations":[{"start":{"line":6,"column":2},"end":{"line":6,"column":81}},{"start":{},"end":{}}],"line":6},"1":{"loc":{"start":{"line":7,"column":2},"end":{"line":8,"column":61}},"type":"if","locations":[{"start":{"line":7,"column":2},"end":{"line":8,"column":61}},{"start":{},"end":{}}],"line":7},"2":{"loc":{"start":{"line":7,"column":6},"end":{"line":7,"column":37}},"type":"binary-expr","locations":[{"start":{"line":7,"column":6},"end":{"line":7,"column":9}},{"start":{"line":7,"column":13},"end":{"line":7,"column":37}}],"line":7},"3":{"loc":{"start":{"line":9,"column":2},"end":{"line":13,"column":3}},"type":"if","locations":[{"start":{"line":9,"column":2},"end":{"line":13,"column":3}},{"start":{"line":11,"column":9},"end":{"line":13,"column":3}}],"line":9},"4":{"loc":{"start":{"line":17,"column":2},"end":{"line":17,"column":82}},"type":"if","locations":[{"start":{"line":17,"column":2},"end":{"line":17,"column":82}},{"start":{},"end":{}}],"line":17}},"s":{"0":1,"1":4,"2":0,"3":4,"4":0,"5":4,"6":3,"7":1,"8":4,"9":0,"10":4,"11":4,"12":1,"13":1},"f":{"0":4,"1":4},"b":{"0":[0,4],"1":[0,4],"2":[4,4],"3":[3,1],"4":[0,4]},"_coverageSchema":"1a1c01bbd47fc00a2c39e90264f33305004495a9","hash":"2a5478cd3ca9186a66847f72190c80e1f848a263"}
,"C:\\Users\\formacio\\Desktop\\ALEX\\node_sprint1\\s1-ent1.6-test-jest\\app\\N1E3-1.3promises-cb-N2E1E2.js": {"path":"C:\\Users\\formacio\\Desktop\\ALEX\\node_sprint1\\s1-ent1.6-test-jest\\app\\N1E3-1.3promises-cb-N2E1E2.js","statementMap":{"0":{"start":{"line":1,"column":16},"end":{"line":5,"column":1}},"1":{"start":{"line":7,"column":15},"end":{"line":11,"column":1}},"2":{"start":{"line":13,"column":20},"end":{"line":24,"column":1}},"3":{"start":{"line":14,"column":2},"end":{"line":14,"column":86}},"4":{"start":{"line":14,"column":30},"end":{"line":14,"column":86}},"5":{"start":{"line":15,"column":16},"end":{"line":22,"column":4}},"6":{"start":{"line":16,"column":4},"end":{"line":20,"column":5}},"7":{"start":{"line":17,"column":6},"end":{"line":19,"column":7}},"8":{"start":{"line":18,"column":8},"end":{"line":18,"column":53}},"9":{"start":{"line":21,"column":4},"end":{"line":21,"column":46}},"10":{"start":{"line":23,"column":2},"end":{"line":23,"column":17}},"11":{"start":{"line":26,"column":0},"end":{"line":28,"column":40}},"12":{"start":{"line":27,"column":20},"end":{"line":27,"column":39}},"13":{"start":{"line":28,"column":20},"end":{"line":28,"column":38}},"14":{"start":{"line":30,"column":18},"end":{"line":45,"column":1}},"15":{"start":{"line":31,"column":2},"end":{"line":31,"column":87}},"16":{"start":{"line":31,"column":39},"end":{"line":31,"column":87}},"17":{"start":{"line":33,"column":18},"end":{"line":43,"column":4}},"18":{"start":{"line":34,"column":4},"end":{"line":41,"column":5}},"19":{"start":{"line":35,"column":6},"end":{"line":40,"column":7}},"20":{"start":{"line":36,"column":8},"end":{"line":39,"column":11}},"21":{"start":{"line":42,"column":4},"end":{"line":42,"column":44}},"22":{"start":{"line":44,"column":2},"end":{"line":44,"column":19}},"23":{"start":{"line":47,"column":0},"end":{"line":49,"column":40}},"24":{"start":{"line":48,"column":20},"end":{"line":48,"column":39}},"25":{"start":{"line":49,"column":20},"end":{"line":49,"column":38}},"26":{"start":{"line":51,"column":0},"end":{"line":54,"column":2}}},"fnMap":{"0":{"name":"(anonymous_0)","decl":{"start":{"line":13,"column":20},"end":{"line":13,"column":21}},"loc":{"start":{"line":13,"column":28},"end":{"line":24,"column":1}},"line":13},"1":{"name":"(anonymous_1)","decl":{"start":{"line":15,"column":28},"end":{"line":15,"column":29}},"loc":{"start":{"line":15,"column":49},"end":{"line":22,"column":3}},"line":15},"2":{"name":"(anonymous_2)","decl":{"start":{"line":27,"column":8},"end":{"line":27,"column":9}},"loc":{"start":{"line":27,"column":20},"end":{"line":27,"column":39}},"line":27},"3":{"name":"(anonymous_3)","decl":{"start":{"line":28,"column":9},"end":{"line":28,"column":10}},"loc":{"start":{"line":28,"column":20},"end":{"line":28,"column":38}},"line":28},"4":{"name":"(anonymous_4)","decl":{"start":{"line":30,"column":18},"end":{"line":30,"column":19}},"loc":{"start":{"line":30,"column":35},"end":{"line":45,"column":1}},"line":30},"5":{"name":"(anonymous_5)","decl":{"start":{"line":33,"column":30},"end":{"line":33,"column":31}},"loc":{"start":{"line":33,"column":51},"end":{"line":43,"column":3}},"line":33},"6":{"name":"(anonymous_6)","decl":{"start":{"line":48,"column":8},"end":{"line":48,"column":9}},"loc":{"start":{"line":48,"column":20},"end":{"line":48,"column":39}},"line":48},"7":{"name":"(anonymous_7)","decl":{"start":{"line":49,"column":9},"end":{"line":49,"column":10}},"loc":{"start":{"line":49,"column":20},"end":{"line":49,"column":38}},"line":49}},"branchMap":{"0":{"loc":{"start":{"line":14,"column":2},"end":{"line":14,"column":86}},"type":"if","locations":[{"start":{"line":14,"column":2},"end":{"line":14,"column":86}},{"start":{},"end":{}}],"line":14},"1":{"loc":{"start":{"line":17,"column":6},"end":{"line":19,"column":7}},"type":"if","locations":[{"start":{"line":17,"column":6},"end":{"line":19,"column":7}},{"start":{},"end":{}}],"line":17},"2":{"loc":{"start":{"line":31,"column":2},"end":{"line":31,"column":87}},"type":"if","locations":[{"start":{"line":31,"column":2},"end":{"line":31,"column":87}},{"start":{},"end":{}}],"line":31},"3":{"loc":{"start":{"line":35,"column":6},"end":{"line":40,"column":7}},"type":"if","locations":[{"start":{"line":35,"column":6},"end":{"line":40,"column":7}},{"start":{},"end":{}}],"line":35}},"s":{"0":1,"1":1,"2":1,"3":3,"4":0,"5":3,"6":3,"7":9,"8":2,"9":3,"10":3,"11":1,"12":1,"13":0,"14":1,"15":3,"16":0,"17":3,"18":3,"19":9,"20":2,"21":3,"22":3,"23":1,"24":1,"25":0,"26":1},"f":{"0":3,"1":3,"2":1,"3":0,"4":3,"5":3,"6":1,"7":0},"b":{"0":[0,3],"1":[2,7],"2":[0,3],"3":[2,7]},"_coverageSchema":"1a1c01bbd47fc00a2c39e90264f33305004495a9","hash":"c6c0a5396e58c99348e169139b9129754a8b80af"}
,"C:\\Users\\formacio\\Desktop\\ALEX\\node_sprint1\\s1-ent1.6-test-jest\\app\\N1E4-1.4async-await-N1E2.js": {"path":"C:\\Users\\formacio\\Desktop\\ALEX\\node_sprint1\\s1-ent1.6-test-jest\\app\\N1E4-1.4async-await-N1E2.js","statementMap":{"0":{"start":{"line":5,"column":16},"end":{"line":14,"column":1}},"1":{"start":{"line":6,"column":16},"end":{"line":12,"column":4}},"2":{"start":{"line":7,"column":4},"end":{"line":7,"column":35}},"3":{"start":{"line":8,"column":4},"end":{"line":8,"column":35}},"4":{"start":{"line":9,"column":4},"end":{"line":11,"column":13}},"5":{"start":{"line":10,"column":6},"end":{"line":10,"column":53}},"6":{"start":{"line":13,"column":2},"end":{"line":13,"column":17}},"7":{"start":{"line":16,"column":16},"end":{"line":19,"column":1}},"8":{"start":{"line":17,"column":17},"end":{"line":17,"column":32}},"9":{"start":{"line":18,"column":2},"end":{"line":18,"column":22}},"10":{"start":{"line":21,"column":0},"end":{"line":21,"column":38}}},"fnMap":{"0":{"name":"(anonymous_0)","decl":{"start":{"line":5,"column":16},"end":{"line":5,"column":17}},"loc":{"start":{"line":5,"column":22},"end":{"line":14,"column":1}},"line":5},"1":{"name":"(anonymous_1)","decl":{"start":{"line":6,"column":28},"end":{"line":6,"column":29}},"loc":{"start":{"line":6,"column":41},"end":{"line":12,"column":3}},"line":6},"2":{"name":"(anonymous_2)","decl":{"start":{"line":9,"column":15},"end":{"line":9,"column":16}},"loc":{"start":{"line":9,"column":21},"end":{"line":11,"column":5}},"line":9},"3":{"name":"(anonymous_3)","decl":{"start":{"line":16,"column":16},"end":{"line":16,"column":17}},"loc":{"start":{"line":16,"column":28},"end":{"line":19,"column":1}},"line":16}},"branchMap":{},"s":{"0":1,"1":2,"2":2,"3":2,"4":2,"5":0,"6":2,"7":1,"8":2,"9":0,"10":1},"f":{"0":2,"1":2,"2":0,"3":2},"b":{},"_coverageSchema":"1a1c01bbd47fc00a2c39e90264f33305004495a9","hash":"06d1c0ab8e63887b659bb758a0abbe9cd0e2b674"}
,"C:\\Users\\formacio\\Desktop\\ALEX\\node_sprint1\\s1-ent1.6-test-jest\\app\\N2E1-1.4async-await-N2E1.js": {"path":"C:\\Users\\formacio\\Desktop\\ALEX\\node_sprint1\\s1-ent1.6-test-jest\\app\\N2E1-1.4async-await-N2E1.js","statementMap":{"0":{"start":{"line":4,"column":21},"end":{"line":16,"column":1}},"1":{"start":{"line":5,"column":16},"end":{"line":14,"column":4}},"2":{"start":{"line":6,"column":4},"end":{"line":9,"column":5}},"3":{"start":{"line":7,"column":6},"end":{"line":7,"column":83}},"4":{"start":{"line":8,"column":6},"end":{"line":8,"column":13}},"5":{"start":{"line":10,"column":4},"end":{"line":13,"column":13}},"6":{"start":{"line":11,"column":6},"end":{"line":11,"column":27}},"7":{"start":{"line":12,"column":6},"end":{"line":12,"column":23}},"8":{"start":{"line":15,"column":2},"end":{"line":15,"column":17}},"9":{"start":{"line":18,"column":0},"end":{"line":18,"column":34}}},"fnMap":{"0":{"name":"(anonymous_0)","decl":{"start":{"line":4,"column":21},"end":{"line":4,"column":22}},"loc":{"start":{"line":4,"column":30},"end":{"line":16,"column":1}},"line":4},"1":{"name":"(anonymous_1)","decl":{"start":{"line":5,"column":28},"end":{"line":5,"column":29}},"loc":{"start":{"line":5,"column":49},"end":{"line":14,"column":3}},"line":5},"2":{"name":"(anonymous_2)","decl":{"start":{"line":10,"column":15},"end":{"line":10,"column":16}},"loc":{"start":{"line":10,"column":21},"end":{"line":13,"column":5}},"line":10}},"branchMap":{"0":{"loc":{"start":{"line":6,"column":4},"end":{"line":9,"column":5}},"type":"if","locations":[{"start":{"line":6,"column":4},"end":{"line":9,"column":5}},{"start":{},"end":{}}],"line":6},"1":{"loc":{"start":{"line":6,"column":8},"end":{"line":6,"column":39}},"type":"binary-expr","locations":[{"start":{"line":6,"column":8},"end":{"line":6,"column":12}},{"start":{"line":6,"column":16},"end":{"line":6,"column":39}}],"line":6}},"s":{"0":1,"1":4,"2":4,"3":2,"4":2,"5":2,"6":0,"7":0,"8":4,"9":1},"f":{"0":4,"1":4,"2":0},"b":{"0":[2,2],"1":[4,3]},"_coverageSchema":"1a1c01bbd47fc00a2c39e90264f33305004495a9","hash":"9f21f674e0c18cc08d0a1534ef732b28997b8650"}
,"C:\\Users\\formacio\\Desktop\\ALEX\\node_sprint1\\s1-ent1.6-test-jest\\app\\N2E2-1.2classes-arrowf-N2E2.js": {"path":"C:\\Users\\formacio\\Desktop\\ALEX\\node_sprint1\\s1-ent1.6-test-jest\\app\\N2E2-1.2classes-arrowf-N2E2.js","statementMap":{"0":{"start":{"line":3,"column":4},"end":{"line":3,"column":19}},"1":{"start":{"line":7,"column":4},"end":{"line":7,"column":41}},"2":{"start":{"line":16,"column":0},"end":{"line":16,"column":29}}},"fnMap":{"0":{"name":"(anonymous_0)","decl":{"start":{"line":2,"column":2},"end":{"line":2,"column":3}},"loc":{"start":{"line":2,"column":19},"end":{"line":4,"column":3}},"line":2},"1":{"name":"(anonymous_1)","decl":{"start":{"line":6,"column":2},"end":{"line":6,"column":3}},"loc":{"start":{"line":6,"column":11},"end":{"line":8,"column":3}},"line":6}},"branchMap":{},"s":{"0":0,"1":0,"2":1},"f":{"0":0,"1":0},"b":{},"_coverageSchema":"1a1c01bbd47fc00a2c39e90264f33305004495a9","hash":"0bb6c7264304b7ad25292750e2cbd98bb0e0149b"}
,"C:\\Users\\formacio\\Desktop\\ALEX\\node_sprint1\\s1-ent1.6-test-jest\\app\\N2E3-1.2classes.-arrowf-N3E1.js": {"path":"C:\\Users\\formacio\\Desktop\\ALEX\\node_sprint1\\s1-ent1.6-test-jest\\app\\N2E3-1.2classes.-arrowf-N3E1.js","statementMap":{"0":{"start":{"line":8,"column":4},"end":{"line":9,"column":80}},"1":{"start":{"line":9,"column":6},"end":{"line":9,"column":80}},"2":{"start":{"line":10,"column":4},"end":{"line":10,"column":19}},"3":{"start":{"line":13,"column":4},"end":{"line":13,"column":45}},"4":{"start":{"line":18,"column":28},"end":{"line":34,"column":1}},"5":{"start":{"line":20,"column":2},"end":{"line":21,"column":57}},"6":{"start":{"line":21,"column":4},"end":{"line":21,"column":57}},"7":{"start":{"line":23,"column":18},"end":{"line":25,"column":3}},"8":{"start":{"line":26,"column":2},"end":{"line":26,"column":29}},"9":{"start":{"line":29,"column":22},"end":{"line":29,"column":53}},"10":{"start":{"line":32,"column":2},"end":{"line":32,"column":25}},"11":{"start":{"line":33,"column":2},"end":{"line":33,"column":21}},"12":{"start":{"line":37,"column":18},"end":{"line":37,"column":50}},"13":{"start":{"line":44,"column":0},"end":{"line":47,"column":2}}},"fnMap":{"0":{"name":"(anonymous_0)","decl":{"start":{"line":7,"column":2},"end":{"line":7,"column":3}},"loc":{"start":{"line":7,"column":19},"end":{"line":11,"column":3}},"line":7},"1":{"name":"(anonymous_1)","decl":{"start":{"line":12,"column":2},"end":{"line":12,"column":3}},"loc":{"start":{"line":12,"column":11},"end":{"line":14,"column":3}},"line":12},"2":{"name":"(anonymous_2)","decl":{"start":{"line":18,"column":28},"end":{"line":18,"column":29}},"loc":{"start":{"line":18,"column":38},"end":{"line":34,"column":1}},"line":18}},"branchMap":{"0":{"loc":{"start":{"line":8,"column":4},"end":{"line":9,"column":80}},"type":"if","locations":[{"start":{"line":8,"column":4},"end":{"line":9,"column":80}},{"start":{},"end":{}}],"line":8},"1":{"loc":{"start":{"line":20,"column":2},"end":{"line":21,"column":57}},"type":"if","locations":[{"start":{"line":20,"column":2},"end":{"line":21,"column":57}},{"start":{},"end":{}}],"line":20},"2":{"loc":{"start":{"line":20,"column":6},"end":{"line":20,"column":39}},"type":"binary-expr","locations":[{"start":{"line":20,"column":6},"end":{"line":20,"column":11}},{"start":{"line":20,"column":15},"end":{"line":20,"column":39}}],"line":20}},"s":{"0":0,"1":0,"2":0,"3":0,"4":1,"5":2,"6":0,"7":2,"8":2,"9":2,"10":2,"11":2,"12":1,"13":1},"f":{"0":0,"1":0,"2":2},"b":{"0":[0,0],"1":[0,2],"2":[2,2]},"_coverageSchema":"1a1c01bbd47fc00a2c39e90264f33305004495a9","hash":"dcc3e292b170367da66c3009c591e730d0a7b450"}
}
