{"C:\\Users\\orpia\\Documents\\Alex-dev-prog\\BAMediaTIC\\node_sprint1\\s1-ent1.6-test-jest\\app\\1 sumar-restar-mult-div.js": {"path":"C:\\Users\\orpia\\Documents\\Alex-dev-prog\\BAMediaTIC\\node_sprint1\\s1-ent1.6-test-jest\\app\\1 sumar-restar-mult-div.js","statementMap":{"0":{"start":{"line":1,"column":0},"end":{"line":5,"column":1}},"1":{"start":{"line":2,"column":2},"end":{"line":2,"column":66}},"2":{"start":{"line":2,"column":16},"end":{"line":2,"column":66}},"3":{"start":{"line":3,"column":2},"end":{"line":3,"column":59}},"4":{"start":{"line":3,"column":21},"end":{"line":3,"column":59}},"5":{"start":{"line":4,"column":2},"end":{"line":4,"column":15}},"6":{"start":{"line":7,"column":0},"end":{"line":11,"column":1}},"7":{"start":{"line":8,"column":2},"end":{"line":8,"column":66}},"8":{"start":{"line":8,"column":16},"end":{"line":8,"column":66}},"9":{"start":{"line":9,"column":2},"end":{"line":9,"column":59}},"10":{"start":{"line":9,"column":21},"end":{"line":9,"column":59}},"11":{"start":{"line":10,"column":2},"end":{"line":10,"column":15}},"12":{"start":{"line":13,"column":0},"end":{"line":17,"column":1}},"13":{"start":{"line":14,"column":2},"end":{"line":14,"column":66}},"14":{"start":{"line":14,"column":16},"end":{"line":14,"column":66}},"15":{"start":{"line":15,"column":2},"end":{"line":15,"column":59}},"16":{"start":{"line":15,"column":21},"end":{"line":15,"column":59}},"17":{"start":{"line":16,"column":2},"end":{"line":16,"column":15}},"18":{"start":{"line":19,"column":0},"end":{"line":25,"column":1}},"19":{"start":{"line":20,"column":2},"end":{"line":20,"column":68}},"20":{"start":{"line":20,"column":26},"end":{"line":20,"column":68}},"21":{"start":{"line":21,"column":2},"end":{"line":21,"column":77}},"22":{"start":{"line":21,"column":15},"end":{"line":21,"column":77}},"23":{"start":{"line":22,"column":2},"end":{"line":22,"column":66}},"24":{"start":{"line":22,"column":16},"end":{"line":22,"column":66}},"25":{"start":{"line":23,"column":2},"end":{"line":23,"column":59}},"26":{"start":{"line":23,"column":21},"end":{"line":23,"column":59}},"27":{"start":{"line":24,"column":2},"end":{"line":24,"column":15}}},"fnMap":{"0":{"name":"sumar","decl":{"start":{"line":1,"column":25},"end":{"line":1,"column":30}},"loc":{"start":{"line":1,"column":37},"end":{"line":5,"column":1}},"line":1},"1":{"name":"restar","decl":{"start":{"line":7,"column":26},"end":{"line":7,"column":32}},"loc":{"start":{"line":7,"column":39},"end":{"line":11,"column":1}},"line":7},"2":{"name":"multiplicar","decl":{"start":{"line":13,"column":31},"end":{"line":13,"column":42}},"loc":{"start":{"line":13,"column":49},"end":{"line":17,"column":1}},"line":13},"3":{"name":"dividir","decl":{"start":{"line":19,"column":27},"end":{"line":19,"column":34}},"loc":{"start":{"line":19,"column":41},"end":{"line":25,"column":1}},"line":19}},"branchMap":{"0":{"loc":{"start":{"line":2,"column":2},"end":{"line":2,"column":66}},"type":"if","locations":[{"start":{"line":2,"column":2},"end":{"line":2,"column":66}},{"start":{},"end":{}}],"line":2},"1":{"loc":{"start":{"line":2,"column":6},"end":{"line":2,"column":14}},"type":"binary-expr","locations":[{"start":{"line":2,"column":6},"end":{"line":2,"column":8}},{"start":{"line":2,"column":12},"end":{"line":2,"column":14}}],"line":2},"2":{"loc":{"start":{"line":3,"column":2},"end":{"line":3,"column":59}},"type":"if","locations":[{"start":{"line":3,"column":2},"end":{"line":3,"column":59}},{"start":{},"end":{}}],"line":3},"3":{"loc":{"start":{"line":3,"column":12},"end":{"line":3,"column":18}},"type":"binary-expr","locations":[{"start":{"line":3,"column":12},"end":{"line":3,"column":13}},{"start":{"line":3,"column":17},"end":{"line":3,"column":18}}],"line":3},"4":{"loc":{"start":{"line":8,"column":2},"end":{"line":8,"column":66}},"type":"if","locations":[{"start":{"line":8,"column":2},"end":{"line":8,"column":66}},{"start":{},"end":{}}],"line":8},"5":{"loc":{"start":{"line":8,"column":6},"end":{"line":8,"column":14}},"type":"binary-expr","locations":[{"start":{"line":8,"column":6},"end":{"line":8,"column":8}},{"start":{"line":8,"column":12},"end":{"line":8,"column":14}}],"line":8},"6":{"loc":{"start":{"line":9,"column":2},"end":{"line":9,"column":59}},"type":"if","locations":[{"start":{"line":9,"column":2},"end":{"line":9,"column":59}},{"start":{},"end":{}}],"line":9},"7":{"loc":{"start":{"line":9,"column":12},"end":{"line":9,"column":18}},"type":"binary-expr","locations":[{"start":{"line":9,"column":12},"end":{"line":9,"column":13}},{"start":{"line":9,"column":17},"end":{"line":9,"column":18}}],"line":9},"8":{"loc":{"start":{"line":14,"column":2},"end":{"line":14,"column":66}},"type":"if","locations":[{"start":{"line":14,"column":2},"end":{"line":14,"column":66}},{"start":{},"end":{}}],"line":14},"9":{"loc":{"start":{"line":14,"column":6},"end":{"line":14,"column":14}},"type":"binary-expr","locations":[{"start":{"line":14,"column":6},"end":{"line":14,"column":8}},{"start":{"line":14,"column":12},"end":{"line":14,"column":14}}],"line":14},"10":{"loc":{"start":{"line":15,"column":2},"end":{"line":15,"column":59}},"type":"if","locations":[{"start":{"line":15,"column":2},"end":{"line":15,"column":59}},{"start":{},"end":{}}],"line":15},"11":{"loc":{"start":{"line":15,"column":12},"end":{"line":15,"column":18}},"type":"binary-expr","locations":[{"start":{"line":15,"column":12},"end":{"line":15,"column":13}},{"start":{"line":15,"column":17},"end":{"line":15,"column":18}}],"line":15},"12":{"loc":{"start":{"line":20,"column":2},"end":{"line":20,"column":68}},"type":"if","locations":[{"start":{"line":20,"column":2},"end":{"line":20,"column":68}},{"start":{},"end":{}}],"line":20},"13":{"loc":{"start":{"line":20,"column":6},"end":{"line":20,"column":24}},"type":"binary-expr","locations":[{"start":{"line":20,"column":6},"end":{"line":20,"column":13}},{"start":{"line":20,"column":17},"end":{"line":20,"column":24}}],"line":20},"14":{"loc":{"start":{"line":21,"column":2},"end":{"line":21,"column":77}},"type":"if","locations":[{"start":{"line":21,"column":2},"end":{"line":21,"column":77}},{"start":{},"end":{}}],"line":21},"15":{"loc":{"start":{"line":22,"column":2},"end":{"line":22,"column":66}},"type":"if","locations":[{"start":{"line":22,"column":2},"end":{"line":22,"column":66}},{"start":{},"end":{}}],"line":22},"16":{"loc":{"start":{"line":22,"column":6},"end":{"line":22,"column":14}},"type":"binary-expr","locations":[{"start":{"line":22,"column":6},"end":{"line":22,"column":8}},{"start":{"line":22,"column":12},"end":{"line":22,"column":14}}],"line":22},"17":{"loc":{"start":{"line":23,"column":2},"end":{"line":23,"column":59}},"type":"if","locations":[{"start":{"line":23,"column":2},"end":{"line":23,"column":59}},{"start":{},"end":{}}],"line":23},"18":{"loc":{"start":{"line":23,"column":12},"end":{"line":23,"column":18}},"type":"binary-expr","locations":[{"start":{"line":23,"column":12},"end":{"line":23,"column":13}},{"start":{"line":23,"column":17},"end":{"line":23,"column":18}}],"line":23}},"s":{"0":1,"1":0,"2":0,"3":0,"4":0,"5":0,"6":1,"7":0,"8":0,"9":0,"10":0,"11":0,"12":1,"13":0,"14":0,"15":0,"16":0,"17":0,"18":1,"19":0,"20":0,"21":0,"22":0,"23":0,"24":0,"25":0,"26":0,"27":0},"f":{"0":0,"1":0,"2":0,"3":0},"b":{"0":[0,0],"1":[0,0],"2":[0,0],"3":[0,0],"4":[0,0],"5":[0,0],"6":[0,0],"7":[0,0],"8":[0,0],"9":[0,0],"10":[0,0],"11":[0,0],"12":[0,0],"13":[0,0],"14":[0,0],"15":[0,0],"16":[0,0],"17":[0,0],"18":[0,0]},"_coverageSchema":"1a1c01bbd47fc00a2c39e90264f33305004495a9","hash":"25a65340d511f0d73bc62ffefa12b2fb7ceaa864"}
,"C:\\Users\\orpia\\Documents\\Alex-dev-prog\\BAMediaTIC\\node_sprint1\\s1-ent1.6-test-jest\\app\\2 1.3promis-cb-N1E2.js": {"path":"C:\\Users\\orpia\\Documents\\Alex-dev-prog\\BAMediaTIC\\node_sprint1\\s1-ent1.6-test-jest\\app\\2 1.3promis-cb-N1E2.js","statementMap":{"0":{"start":{"line":5,"column":22},"end":{"line":14,"column":1}},"1":{"start":{"line":6,"column":2},"end":{"line":6,"column":81}},"2":{"start":{"line":6,"column":34},"end":{"line":6,"column":81}},"3":{"start":{"line":7,"column":2},"end":{"line":8,"column":61}},"4":{"start":{"line":8,"column":4},"end":{"line":8,"column":61}},"5":{"start":{"line":9,"column":2},"end":{"line":13,"column":3}},"6":{"start":{"line":10,"column":4},"end":{"line":10,"column":24}},"7":{"start":{"line":12,"column":4},"end":{"line":12,"column":28}},"8":{"start":{"line":16,"column":2},"end":{"line":16,"column":82}},"9":{"start":{"line":16,"column":29},"end":{"line":16,"column":82}},"10":{"start":{"line":17,"column":2},"end":{"line":17,"column":16}},"11":{"start":{"line":20,"column":0},"end":{"line":20,"column":39}}},"fnMap":{"0":{"name":"(anonymous_0)","decl":{"start":{"line":5,"column":22},"end":{"line":5,"column":23}},"loc":{"start":{"line":5,"column":37},"end":{"line":14,"column":1}},"line":5},"1":{"name":"cb","decl":{"start":{"line":15,"column":9},"end":{"line":15,"column":11}},"loc":{"start":{"line":15,"column":15},"end":{"line":18,"column":1}},"line":15}},"branchMap":{"0":{"loc":{"start":{"line":6,"column":2},"end":{"line":6,"column":81}},"type":"if","locations":[{"start":{"line":6,"column":2},"end":{"line":6,"column":81}},{"start":{},"end":{}}],"line":6},"1":{"loc":{"start":{"line":7,"column":2},"end":{"line":8,"column":61}},"type":"if","locations":[{"start":{"line":7,"column":2},"end":{"line":8,"column":61}},{"start":{},"end":{}}],"line":7},"2":{"loc":{"start":{"line":7,"column":6},"end":{"line":7,"column":37}},"type":"binary-expr","locations":[{"start":{"line":7,"column":6},"end":{"line":7,"column":9}},{"start":{"line":7,"column":13},"end":{"line":7,"column":37}}],"line":7},"3":{"loc":{"start":{"line":9,"column":2},"end":{"line":13,"column":3}},"type":"if","locations":[{"start":{"line":9,"column":2},"end":{"line":13,"column":3}},{"start":{"line":11,"column":9},"end":{"line":13,"column":3}}],"line":9},"4":{"loc":{"start":{"line":16,"column":2},"end":{"line":16,"column":82}},"type":"if","locations":[{"start":{"line":16,"column":2},"end":{"line":16,"column":82}},{"start":{},"end":{}}],"line":16}},"s":{"0":1,"1":1,"2":0,"3":1,"4":0,"5":1,"6":1,"7":0,"8":0,"9":0,"10":0,"11":1},"f":{"0":1,"1":0},"b":{"0":[0,1],"1":[0,1],"2":[1,1],"3":[1,0],"4":[0,0]},"_coverageSchema":"1a1c01bbd47fc00a2c39e90264f33305004495a9","hash":"2bea1f115af0b3cdcde84659cd8f1b0efb0d3c24"}
}
