TN:
SF:app\1 sumar-restar-mult-div.js
FN:1,sumar
FN:7,restar
FN:13,multiplicar
FN:19,dividir
FNF:4
FNH:0
FNDA:0,sumar
FNDA:0,restar
FNDA:0,multiplicar
FNDA:0,dividir
DA:1,1
DA:2,0
DA:3,0
DA:4,0
DA:7,1
DA:8,0
DA:9,0
DA:10,0
DA:13,1
DA:14,0
DA:15,0
DA:16,0
DA:19,1
DA:20,0
DA:21,0
DA:22,0
DA:23,0
DA:24,0
LF:18
LH:4
BRDA:2,0,0,0
BRDA:2,0,1,0
BRDA:2,1,0,0
BRDA:2,1,1,0
BRDA:3,2,0,0
BRDA:3,2,1,0
BRDA:3,3,0,0
BRDA:3,3,1,0
BRDA:8,4,0,0
BRDA:8,4,1,0
BRDA:8,5,0,0
BRDA:8,5,1,0
BRDA:9,6,0,0
BRDA:9,6,1,0
BRDA:9,7,0,0
BRDA:9,7,1,0
BRDA:14,8,0,0
BRDA:14,8,1,0
BRDA:14,9,0,0
BRDA:14,9,1,0
BRDA:15,10,0,0
BRDA:15,10,1,0
BRDA:15,11,0,0
BRDA:15,11,1,0
BRDA:20,12,0,0
BRDA:20,12,1,0
BRDA:20,13,0,0
BRDA:20,13,1,0
BRDA:21,14,0,0
BRDA:21,14,1,0
BRDA:22,15,0,0
BRDA:22,15,1,0
BRDA:22,16,0,0
BRDA:22,16,1,0
BRDA:23,17,0,0
BRDA:23,17,1,0
BRDA:23,18,0,0
BRDA:23,18,1,0
BRF:38
BRH:0
end_of_record
TN:
SF:app\2 1.3promis-cb-N1E2.js
FN:5,(anonymous_0)
FN:15,cb
FNF:2
FNH:1
FNDA:1,(anonymous_0)
FNDA:0,cb
DA:5,1
DA:6,1
DA:7,1
DA:8,0
DA:9,1
DA:10,1
DA:12,0
DA:16,0
DA:17,0
DA:20,1
LF:10
LH:6
BRDA:6,0,0,0
BRDA:6,0,1,1
BRDA:7,1,0,0
BRDA:7,1,1,1
BRDA:7,2,0,1
BRDA:7,2,1,1
BRDA:9,3,0,1
BRDA:9,3,1,0
BRDA:16,4,0,0
BRDA:16,4,1,0
BRF:10
BRH:5
end_of_record
