TN:
SF:app\N1E1-sumar-restar-mult-div.js
FN:1,sumar
FN:7,restar
FN:13,multiplicar
FN:19,dividir
FNF:4
FNH:4
FNDA:3,sumar
FNDA:3,restar
FNDA:3,multiplicar
FNDA:5,dividir
DA:1,1
DA:2,3
DA:3,2
DA:4,1
DA:7,1
DA:8,3
DA:9,2
DA:10,1
DA:13,1
DA:14,3
DA:15,2
DA:16,1
DA:19,1
DA:20,5
DA:21,4
DA:22,3
DA:23,2
DA:24,1
LF:18
LH:18
BRDA:2,0,0,1
BRDA:2,0,1,2
BRDA:2,1,0,3
BRDA:2,1,1,3
BRDA:3,2,0,1
BRDA:3,2,1,1
BRDA:3,3,0,2
BRDA:3,3,1,0
BRDA:8,4,0,1
BRDA:8,4,1,2
BRDA:8,5,0,3
BRDA:8,5,1,3
BRDA:9,6,0,1
BRDA:9,6,1,1
BRDA:9,7,0,2
BRDA:9,7,1,0
BRDA:14,8,0,1
BRDA:14,8,1,2
BRDA:14,9,0,3
BRDA:14,9,1,3
BRDA:15,10,0,1
BRDA:15,10,1,1
BRDA:15,11,0,2
BRDA:15,11,1,0
BRDA:20,12,0,1
BRDA:20,12,1,4
BRDA:20,13,0,5
BRDA:20,13,1,1
BRDA:21,14,0,1
BRDA:21,14,1,3
BRDA:22,15,0,1
BRDA:22,15,1,2
BRDA:22,16,0,3
BRDA:22,16,1,3
BRDA:23,17,0,1
BRDA:23,17,1,1
BRDA:23,18,0,2
BRDA:23,18,1,0
BRF:38
BRH:34
end_of_record
TN:
SF:app\N1E2-1.3promis-cb-N1E2.js
FN:5,(anonymous_0)
FN:16,cb
FNF:2
FNH:2
FNDA:4,(anonymous_0)
FNDA:4,cb
DA:5,1
DA:6,4
DA:7,4
DA:8,0
DA:9,4
DA:10,3
DA:12,1
DA:17,4
DA:18,4
DA:19,4
DA:22,1
DA:24,1
LF:12
LH:11
BRDA:6,0,0,0
BRDA:6,0,1,4
BRDA:7,1,0,0
BRDA:7,1,1,4
BRDA:7,2,0,4
BRDA:7,2,1,4
BRDA:9,3,0,3
BRDA:9,3,1,1
BRDA:17,4,0,0
BRDA:17,4,1,4
BRF:10
BRH:7
end_of_record
TN:
SF:app\N1E3-1.3promises-cb-N2E1E2.js
FN:13,(anonymous_0)
FN:15,(anonymous_1)
FN:27,(anonymous_2)
FN:28,(anonymous_3)
FN:30,(anonymous_4)
FN:33,(anonymous_5)
FN:48,(anonymous_6)
FN:49,(anonymous_7)
FNF:8
FNH:6
FNDA:3,(anonymous_0)
FNDA:3,(anonymous_1)
FNDA:1,(anonymous_2)
FNDA:0,(anonymous_3)
FNDA:3,(anonymous_4)
FNDA:3,(anonymous_5)
FNDA:1,(anonymous_6)
FNDA:0,(anonymous_7)
DA:1,1
DA:7,1
DA:13,1
DA:14,3
DA:15,3
DA:16,3
DA:17,9
DA:18,2
DA:21,3
DA:23,3
DA:26,1
DA:27,1
DA:28,0
DA:30,1
DA:31,3
DA:33,3
DA:34,3
DA:35,9
DA:36,2
DA:42,3
DA:44,3
DA:47,1
DA:48,1
DA:49,0
DA:51,1
LF:25
LH:23
BRDA:14,0,0,0
BRDA:14,0,1,3
BRDA:17,1,0,2
BRDA:17,1,1,7
BRDA:31,2,0,0
BRDA:31,2,1,3
BRDA:35,3,0,2
BRDA:35,3,1,7
BRF:8
BRH:6
end_of_record
TN:
SF:app\N1E4-1.4async-await-N1E2.js
FN:5,(anonymous_0)
FN:6,(anonymous_1)
FN:9,(anonymous_2)
FN:16,(anonymous_3)
FNF:4
FNH:3
FNDA:2,(anonymous_0)
FNDA:2,(anonymous_1)
FNDA:0,(anonymous_2)
FNDA:2,(anonymous_3)
DA:5,1
DA:6,2
DA:7,2
DA:8,2
DA:9,2
DA:10,0
DA:13,2
DA:16,1
DA:17,2
DA:18,0
DA:21,1
LF:11
LH:9
BRF:0
BRH:0
end_of_record
TN:
SF:app\N2E1-1.4async-await-N2E1.js
FN:4,(anonymous_0)
FN:5,(anonymous_1)
FN:10,(anonymous_2)
FNF:3
FNH:2
FNDA:4,(anonymous_0)
FNDA:4,(anonymous_1)
FNDA:0,(anonymous_2)
DA:4,1
DA:5,4
DA:6,4
DA:7,2
DA:8,2
DA:10,2
DA:11,0
DA:12,0
DA:15,4
DA:18,1
LF:10
LH:8
BRDA:6,0,0,2
BRDA:6,0,1,2
BRDA:6,1,0,4
BRDA:6,1,1,3
BRF:4
BRH:4
end_of_record
TN:
SF:app\N2E2-1.2classes-arrowf-N2E2.js
FN:2,(anonymous_0)
FN:6,(anonymous_1)
FNF:2
FNH:0
FNDA:0,(anonymous_0)
FNDA:0,(anonymous_1)
DA:3,0
DA:7,0
DA:16,1
LF:3
LH:1
BRF:0
BRH:0
end_of_record
TN:
SF:app\N2E3-1.2classes.-arrowf-N3E1.js
FN:7,(anonymous_0)
FN:12,(anonymous_1)
FN:18,(anonymous_2)
FNF:3
FNH:1
FNDA:0,(anonymous_0)
FNDA:0,(anonymous_1)
FNDA:2,(anonymous_2)
DA:8,0
DA:9,0
DA:10,0
DA:13,0
DA:18,1
DA:20,2
DA:21,0
DA:23,2
DA:26,2
DA:29,2
DA:32,2
DA:33,2
DA:37,1
DA:44,1
LF:14
LH:9
BRDA:8,0,0,0
BRDA:8,0,1,0
BRDA:20,1,0,0
BRDA:20,1,1,2
BRDA:20,2,0,2
BRDA:20,2,1,2
BRF:6
BRH:3
end_of_record
